Build started 2012/4/4 16:21:22.
     1>Project "D:\Hand_Projects\HandTracking\HandTracking\HandTracking.vcxproj" on node 2 (build target(s)).
     1>InitializeBuildStatus:
         Creating "x64\Release\HandTracking.unsuccessfulbuild" because "AlwaysCreate" was specified.
       ClCompile:
         D:\Program Files (x86)\Microsoft Visual Studio 10.0\VC\bin\x86_amd64\CL.exe /c /Zi /nologo /W3 /WX- /O2 /Oi /GL /D WIN32 /D NDEBUG /D _CONSOLE /D _UNICODE /D UNICODE /Gm- /EHsc /MD /GS /Gy /fp:precise /Zc:wchar_t /Zc:forScope /Fo"x64\Release\\" /Fd"x64\Release\vc100.pdb" /Gd /TP /errorReport:prompt Tracking.cpp
         Tracking.cpp
     1>d:\opencv_231\include\opencv2\flann\lsh_table.h(417): warning C4267: 'argument' : conversion from 'size_t' to 'cvflann::lsh::FeatureIndex', possible loss of data
     1>d:\opencv_231\include\opencv2\flann\lsh_table.h(425): warning C4267: 'argument' : conversion from 'size_t' to 'cvflann::lsh::FeatureIndex', possible loss of data
     1>d:\OpenCV_231\include\opencv2/flann/flann.hpp(233): warning C4996: 'cv::flann::Index_<T>': was declared deprecated
                 d:\OpenCV_231\include\opencv2/flann/flann.hpp(278) : see reference to class template instantiation 'cv::flann::Index_<T>' being compiled
     1>Tracking.cpp(86): warning C4244: 'argument' : conversion from 'double' to 'int', possible loss of data
     1>d:\opencv_231\include\opencv2\flann\lsh_table.h(260): warning C4267: '=' : conversion from 'size_t' to 'unsigned int', possible loss of data
                 d:\opencv_231\include\opencv2\flann\lsh_table.h(258) : while compiling class template member function 'void cvflann::lsh::LshTable<ElementType>::initialize(size_t)'
                 with
                 [
                     ElementType=unsigned char
                 ]
                 d:\opencv_231\include\opencv2\flann\lsh_table.h(329) : see reference to class template instantiation 'cvflann::lsh::LshTable<ElementType>' being compiled
                 with
                 [
                     ElementType=unsigned char
                 ]
       Link:
         D:\Program Files (x86)\Microsoft Visual Studio 10.0\VC\bin\x86_amd64\link.exe /ERRORREPORT:PROMPT /OUT:"D:\Hand_Projects\HandTracking\x64\Release\HandTracking.exe" /INCREMENTAL:NO /NOLOGO opencv_core231.lib opencv_highgui231.lib opencv_imgproc231.lib opencv_objdetect231.lib opencv_video231.lib kernel32.lib user32.lib gdi32.lib winspool.lib comdlg32.lib advapi32.lib shell32.lib ole32.lib oleaut32.lib uuid.lib odbc32.lib odbccp32.lib /MANIFEST /ManifestFile:"x64\Release\HandTracking.exe.intermediate.manifest" /MANIFESTUAC:"level='asInvoker' uiAccess='false'" /DEBUG /PDB:"D:\Hand_Projects\HandTracking\x64\Release\HandTracking.pdb" /SUBSYSTEM:CONSOLE /OPT:REF /OPT:ICF /LTCG /TLBID:1 /DYNAMICBASE /NXCOMPAT /IMPLIB:"D:\Hand_Projects\HandTracking\x64\Release\HandTracking.lib" /MACHINE:X64 x64\Release\cascadedetect.obj
         x64\Release\Tracking.obj
         x64\Release\trackingClass.obj
         Generating code
     1>d:\hand_projects\handtracking\handtracking\cascadedetect.cpp(1430): warning C4715: 'ACascadeClassifier::runAt' : not all control paths return a value
         Finished generating code
         HandTracking.vcxproj -> D:\Hand_Projects\HandTracking\x64\Release\HandTracking.exe
       Manifest:
         C:\Program Files (x86)\Microsoft SDKs\Windows\v7.0A\bin\mt.exe /nologo /verbose /outputresource:"D:\Hand_Projects\HandTracking\x64\Release\HandTracking.exe;#1" /manifest x64\Release\HandTracking.exe.intermediate.manifest
       FinalizeBuildStatus:
         Deleting file "x64\Release\HandTracking.unsuccessfulbuild".
         Touching "x64\Release\HandTracking.lastbuildstate".
     1>Done Building Project "D:\Hand_Projects\HandTracking\HandTracking\HandTracking.vcxproj" (build target(s)).

Build succeeded.

Time Elapsed 00:00:13.99
